[0526/095841:ERROR:renderer_main.cc(203)] Running without renderer sandbox
[0526/095846:ERROR:child_discardable_shared_memory_manager.cc(266)] size: 4194304
[0526/095905:INFO:CONSOLE(1)] "Uncaught TypeError: window.parent.frames[1].IsPaging is not a function", source: http://piccache.cnki.net/kdn/kreader/scripts/min/treeNew.min.js (1)
[0526/095918:INFO:CONSOLE(1)] "Uncaught TypeError: window.parent.frames[1].IsPaging is not a function", source: http://piccache.cnki.net/kdn/kreader/scripts/min/treeNew.min.js (1)
[0526/115443:ERROR:renderer_main.cc(203)] Running without renderer sandbox
[0526/115446:ERROR:child_discardable_shared_memory_manager.cc(266)] size: 4194304
[0526/115447:ERROR:child_discardable_shared_memory_manager.cc(266)] size: 4194304
[0526/115447:ERROR:child_discardable_shared_memory_manager.cc(266)] size: 4194304
[0526/115447:ERROR:child_discardable_shared_memory_manager.cc(266)] size: 4194304
[0526/115449:ERROR:child_discardable_shared_memory_manager.cc(266)] size: 7987200
[0526/115449:ERROR:child_discardable_shared_memory_manager.cc(266)] size: 7987200
[0526/115449:ERROR:child_discardable_shared_memory_manager.cc(266)] size: 4194304
[0526/115449:ERROR:child_discardable_shared_memory_manager.cc(266)] size: 7987200
[0526/115450:INFO:CONSOLE(59)] "Uncaught TypeError: Cannot set property 'set' of undefined", source: https://as2.wenku.baidu.com/msnminor?tqu=LTS&iup=TQQ&pu=ENKSMNNS&xfg=1DD9CtNUtMZtMZGy74Etrvu2xEtrw86tMZF2yGtMZRxxOzNMNRRKvzRSuQOMTPOwwtNZzB86j1uBytNXL&boe=TMTHSOP&qjbe=LLLKKL&pmu=O&pue=K&mzf=L&bee=LMKKHOSOT&pdu=K&bmd=LTMKHLKNK&be=ORLRHK&pfy=-kdcrgfjk&bdaf=M&bue=sLHsL&po=N&fbd=LPMRNKQSTKKNM&mdu=M&oqo=_Vb&swt=1 (59)
[0526/115451:INFO:CONSOLE(0)] "Mixed Content: The page at 'https://as2.wenku.baidu.com/msnminor?tqu=LTS&iup=TQQ&pu=ENKSMNNS&xfg=1DD9CtNUtMZtMZGy74Etrvu2xEtrw86tMZF2yGtMZRxxOzNMNRRKvzRSuQOMTPOwwtNZzB86j1uBytNXL&boe=TMTHSOP&qjbe=LLLKKL&pmu=O&pue=K&mzf=L&bee=LMKKHOSOT&pdu=K&bmd=LTMKHLKNK&be=ORLRHK&pfy=-kdcrgfjk&bdaf=M&bue=sLHsL&po=N&fbd=LPMRNKQSTKKNM&mdu=M&oqo=_Vb&swt=1' was loaded over HTTPS, but requested an insecure script 'http://as2.wenku.baidu.com/16i/v54wxzhd/0i/c.q.9/0cS2ermw4dls0bsXffzr3d.38m.js?ij25=94s2bx8e_jr8c29j91z2_k5c'. This request has been blocked; the content must be served over HTTPS.", source: https://as2.wenku.baidu.com/msnminor?tqu=LTS&iup=TQQ&pu=ENKSMNNS&xfg=1DD9CtNUtMZtMZGy74Etrvu2xEtrw86tMZF2yGtMZRxxOzNMNRRKvzRSuQOMTPOwwtNZzB86j1uBytNXL&boe=TMTHSOP&qjbe=LLLKKL&pmu=O&pue=K&mzf=L&bee=LMKKHOSOT&pdu=K&bmd=LTMKHLKNK&be=ORLRHK&pfy=-kdcrgfjk&bdaf=M&bue=sLHsL&po=N&fbd=LPMRNKQSTKKNM&mdu=M&oqo=_Vb&swt=1 (0)
[0526/115451:INFO:CONSOLE(0)] "Mixed Content: The page at 'https://wenku.baidu.com/view/7dd4f323770bf78a642954cc?fromShare=1' was loaded over HTTPS, but requested an insecure script 'http://edu-wenku.bdimg.com/v1/pc/bdshare/static/api/js/trans/logger.js?v=d16ec0e3.js&c=c'. This request has been blocked; the content must be served over HTTPS.", source: https://wenku.baidu.com/view/7dd4f323770bf78a642954cc?fromShare=1 (0)
[0526/115451:INFO:CONSOLE(0)] "Mixed Content: The page at 'https://wenku.baidu.com/view/7dd4f323770bf78a642954cc?fromShare=1' was loaded over HTTPS, but requested an insecure script 'http://www.ywsem.com/cnzz/yw02/cnzz_yd.js'. This request has been blocked; the content must be served over HTTPS.", source: https://wenku.baidu.com/view/7dd4f323770bf78a642954cc?fromShare=1 (0)
[0526/115714:ERROR:child_discardable_shared_memory_manager.cc(266)] size: 8245248
[0526/115714:ERROR:child_discardable_shared_memory_manager.cc(266)] size: 4194304
[0526/115714:ERROR:child_discardable_shared_memory_manager.cc(266)] size: 4194304
[0526/115715:ERROR:child_discardable_shared_memory_manager.cc(266)] size: 8278016
[0526/115717:ERROR:child_discardable_shared_memory_manager.cc(266)] size: 8278016
[0526/115719:ERROR:child_discardable_shared_memory_manager.cc(266)] size: 4194304
[0526/115719:ERROR:child_discardable_shared_memory_manager.cc(266)] size: 4194304
[0526/115722:ERROR:child_discardable_shared_memory_manager.cc(266)] size: 8245248
[0526/115722:ERROR:child_discardable_shared_memory_manager.cc(266)] size: 8278016
[0526/115722:ERROR:child_discardable_shared_memory_manager.cc(266)] size: 4194304
[0526/115722:ERROR:child_discardable_shared_memory_manager.cc(266)] size: 4194304
[0526/115722:ERROR:child_discardable_shared_memory_manager.cc(266)] size: 4194304
[0526/115727:ERROR:child_discardable_shared_memory_manager.cc(266)] size: 8142848
[0526/115727:ERROR:child_discardable_shared_memory_manager.cc(266)] size: 4194304
[0526/115727:ERROR:child_discardable_shared_memory_manager.cc(266)] size: 4194304
[0526/115727:ERROR:child_discardable_shared_memory_manager.cc(266)] size: 8282112
[0526/115727:ERROR:child_discardable_shared_memory_manager.cc(266)] size: 8282112
[0526/115727:ERROR:child_discardable_shared_memory_manager.cc(266)] size: 8282112
[0526/115727:ERROR:child_discardable_shared_memory_manager.cc(266)] size: 4194304
[0526/115727:ERROR:child_discardable_shared_memory_manager.cc(266)] size: 8282112
[0526/115727:ERROR:child_discardable_shared_memory_manager.cc(266)] size: 4194304
[0526/115759:ERROR:child_discardable_shared_memory_manager.cc(266)] size: 8142848
[0526/115759:ERROR:child_discardable_shared_memory_manager.cc(266)] size: 4194304
[0526/115759:ERROR:child_discardable_shared_memory_manager.cc(266)] size: 4194304
[0526/115801:ERROR:child_discardable_shared_memory_manager.cc(266)] size: 8142848
[0526/115801:ERROR:child_discardable_shared_memory_manager.cc(266)] size: 8282112
[0526/115801:ERROR:child_discardable_shared_memory_manager.cc(266)] size: 4194304
[0526/115801:ERROR:child_discardable_shared_memory_manager.cc(266)] size: 4194304
[0526/115801:ERROR:child_discardable_shared_memory_manager.cc(266)] size: 4194304
[0526/115801:ERROR:child_discardable_shared_memory_manager.cc(266)] size: 8278016
[0526/120857:ERROR:child_discardable_shared_memory_manager.cc(266)] size: 8142848
[0526/120857:ERROR:child_discardable_shared_memory_manager.cc(266)] size: 8282112
[0526/120857:ERROR:child_discardable_shared_memory_manager.cc(266)] size: 4194304
[0526/120857:ERROR:child_discardable_shared_memory_manager.cc(266)] size: 4194304
[0526/120857:ERROR:child_discardable_shared_memory_manager.cc(266)] size: 4194304
[0526/120857:ERROR:child_discardable_shared_memory_manager.cc(266)] size: 8134656
